<?xml version="1.0" encoding="UTF-8"?>
<!-- Generated by org.testng.reporters.JUnitReportReporter -->
<testsuite hostname="PC-HASHIM" name="test.com.LoginPageTestNGTest" tests="2" failures="0" timestamp="2 Mar 2019 22:23:12 GMT" time="0.011" errors="0">
  <testcase name="testUsername" time="0.004" classname="test.com.LoginPageTestNGTest"/>
  <testcase name="testPassword" time="0.007" classname="test.com.LoginPageTestNGTest"/>
</testsuite> <!-- test.com.LoginPageTestNGTest -->
